0 info it worked if it ends with ok
1 verbose cli [ '/usr/local/bin/node',
1 verbose cli   '/usr/local/bin/npm',
1 verbose cli   'install',
1 verbose cli   '-g',
1 verbose cli   'gulp' ]
2 info using npm@6.4.1
3 info using node@v10.15.3
4 verbose npm-session 7210ad9468d2e4fd
5 silly install loadCurrentTree
6 silly install readGlobalPackageData
7 http fetch GET 200 https://registry.npmjs.org/gulp 539ms
8 http fetch GET 200 https://registry.npmjs.org/gulp/-/gulp-4.0.0.tgz 77ms
9 silly pacote tag manifest for gulp@latest fetched in 899ms
10 timing stage:loadCurrentTree Completed in 2006ms
11 silly install loadIdealTree
12 silly install cloneCurrentTreeToIdealTree
13 timing stage:loadIdealTree:cloneCurrentTree Completed in 1ms
14 silly install loadShrinkwrap
15 timing stage:loadIdealTree:loadShrinkwrap Completed in 8ms
16 silly install loadAllDepsIntoIdealTree
17 silly resolveWithNewModule gulp@4.0.0 checking installable status
18 http fetch GET 200 https://registry.npmjs.org/glob-watcher 49ms
19 silly pacote range manifest for glob-watcher@^5.0.0 fetched in 88ms
20 silly resolveWithNewModule glob-watcher@5.0.3 checking installable status
21 http fetch GET 200 https://registry.npmjs.org/undertaker 194ms
22 http fetch GET 200 https://registry.npmjs.org/vinyl-fs 210ms
23 http fetch GET 200 https://registry.npmjs.org/gulp-cli 218ms
24 silly pacote range manifest for undertaker@^1.0.0 fetched in 229ms
25 silly resolveWithNewModule undertaker@1.2.0 checking installable status
26 silly pacote range manifest for vinyl-fs@^3.0.0 fetched in 230ms
27 silly resolveWithNewModule vinyl-fs@3.0.3 checking installable status
28 silly pacote range manifest for gulp-cli@^2.0.0 fetched in 233ms
29 silly resolveWithNewModule gulp-cli@2.0.1 checking installable status
30 http fetch GET 200 https://registry.npmjs.org/anymatch 71ms
31 http fetch GET 200 https://registry.npmjs.org/async-done 75ms
32 http fetch GET 200 https://registry.npmjs.org/is-negated-glob 78ms
33 http fetch GET 200 https://registry.npmjs.org/chokidar 85ms
34 silly pacote range manifest for anymatch@^2.0.0 fetched in 94ms
35 silly resolveWithNewModule anymatch@2.0.0 checking installable status
36 silly pacote range manifest for is-negated-glob@^1.0.0 fetched in 131ms
37 silly resolveWithNewModule is-negated-glob@1.0.0 checking installable status
38 silly pacote range manifest for async-done@^1.2.0 fetched in 134ms
39 silly resolveWithNewModule async-done@1.3.1 checking installable status
40 silly pacote range manifest for chokidar@^2.0.0 fetched in 171ms
41 silly resolveWithNewModule chokidar@2.1.2 checking installable status
42 http fetch GET 200 https://registry.npmjs.org/object.defaults 192ms
43 http fetch GET 200 https://registry.npmjs.org/just-debounce 197ms
44 silly pacote range manifest for object.defaults@^1.1.0 fetched in 220ms
45 silly resolveWithNewModule object.defaults@1.1.0 checking installable status
46 silly pacote range manifest for just-debounce@^1.0.0 fetched in 222ms
47 silly resolveWithNewModule just-debounce@1.0.0 checking installable status
48 http fetch GET 200 https://registry.npmjs.org/normalize-path 53ms
49 silly pacote range manifest for normalize-path@^2.1.1 fetched in 63ms
50 silly resolveWithNewModule normalize-path@2.1.1 checking installable status
51 http fetch GET 200 https://registry.npmjs.org/micromatch 65ms
52 silly pacote range manifest for micromatch@^3.1.4 fetched in 76ms
53 silly resolveWithNewModule micromatch@3.1.10 checking installable status
54 http fetch GET 200 https://registry.npmjs.org/arr-diff 120ms
55 http fetch GET 200 https://registry.npmjs.org/array-unique 119ms
56 http fetch GET 200 https://registry.npmjs.org/define-property 132ms
57 http fetch GET 200 https://registry.npmjs.org/extend-shallow 133ms
58 http fetch GET 200 https://registry.npmjs.org/extglob 134ms
59 silly pacote range manifest for array-unique@^0.3.2 fetched in 153ms
60 silly resolveWithNewModule array-unique@0.3.2 checking installable status
61 silly pacote range manifest for arr-diff@^4.0.0 fetched in 163ms
62 silly resolveWithNewModule arr-diff@4.0.0 checking installable status
63 http fetch GET 200 https://registry.npmjs.org/braces 178ms
64 silly pacote range manifest for define-property@^2.0.2 fetched in 196ms
65 silly resolveWithNewModule define-property@2.0.2 checking installable status
66 silly pacote range manifest for extend-shallow@^3.0.2 fetched in 200ms
67 silly resolveWithNewModule extend-shallow@3.0.2 checking installable status
68 silly pacote range manifest for extglob@^2.0.4 fetched in 203ms
69 silly resolveWithNewModule extglob@2.0.4 checking installable status
70 http fetch GET 200 https://registry.npmjs.org/object.pick 270ms
71 http fetch GET 200 https://registry.npmjs.org/kind-of 275ms
72 http fetch GET 200 https://registry.npmjs.org/fragment-cache 278ms
73 silly pacote range manifest for braces@^2.3.1 fetched in 294ms
74 silly resolveWithNewModule braces@2.3.2 checking installable status
75 http fetch GET 200 https://registry.npmjs.org/nanomatch 280ms
76 http fetch GET 200 https://registry.npmjs.org/regex-not 132ms
77 http fetch GET 200 https://registry.npmjs.org/to-regex 107ms
78 http fetch GET 200 https://registry.npmjs.org/snapdragon 138ms
79 silly pacote range manifest for object.pick@^1.3.0 fetched in 301ms
80 silly resolveWithNewModule object.pick@1.3.0 checking installable status
81 silly pacote range manifest for fragment-cache@^0.2.1 fetched in 306ms
82 silly resolveWithNewModule fragment-cache@0.2.1 checking installable status
83 silly pacote range manifest for nanomatch@^1.2.9 fetched in 306ms
84 silly resolveWithNewModule nanomatch@1.2.13 checking installable status
85 silly pacote range manifest for regex-not@^1.0.0 fetched in 154ms
86 silly resolveWithNewModule regex-not@1.0.2 checking installable status
87 silly pacote range manifest for snapdragon@^0.8.1 fetched in 156ms
88 silly resolveWithNewModule snapdragon@0.8.2 checking installable status
89 silly pacote range manifest for to-regex@^3.0.2 fetched in 128ms
90 silly resolveWithNewModule to-regex@3.0.2 checking installable status
91 http fetch GET 200 https://registry.npmjs.org/kind-of/-/kind-of-6.0.2.tgz 167ms
92 silly pacote range manifest for kind-of@^6.0.2 fetched in 451ms
93 silly resolveWithNewModule kind-of@6.0.2 checking installable status
94 silly pacote range manifest for extend-shallow@^2.0.1 fetched in 14ms
95 silly resolveWithNewModule extend-shallow@2.0.1 checking installable status
96 http fetch GET 200 https://registry.npmjs.org/isobject 76ms
97 http fetch GET 200 https://registry.npmjs.org/snapdragon-node 77ms
98 http fetch GET 200 https://registry.npmjs.org/fill-range 80ms
99 http fetch GET 200 https://registry.npmjs.org/repeat-element 83ms
100 http fetch GET 200 https://registry.npmjs.org/arr-flatten 88ms
101 http fetch GET 200 https://registry.npmjs.org/split-string 86ms
102 silly pacote range manifest for fill-range@^4.0.0 fetched in 142ms
103 silly resolveWithNewModule fill-range@4.0.0 checking installable status
104 silly pacote range manifest for isobject@^3.0.1 fetched in 146ms
105 silly resolveWithNewModule isobject@3.0.1 checking installable status
106 silly pacote range manifest for arr-flatten@^1.1.0 fetched in 149ms
107 silly resolveWithNewModule arr-flatten@1.1.0 checking installable status
108 silly pacote range manifest for repeat-element@^1.1.2 fetched in 151ms
109 silly resolveWithNewModule repeat-element@1.1.3 checking installable status
110 silly pacote range manifest for split-string@^3.0.2 fetched in 168ms
111 silly resolveWithNewModule split-string@3.1.0 checking installable status
112 http fetch GET 200 https://registry.npmjs.org/snapdragon-node/-/snapdragon-node-2.1.1.tgz 90ms
113 silly pacote range manifest for snapdragon-node@^2.0.1 fetched in 179ms
114 silly resolveWithNewModule snapdragon-node@2.1.1 checking installable status
115 http fetch GET 200 https://registry.npmjs.org/is-extendable 45ms
116 silly pacote range manifest for is-extendable@^0.1.0 fetched in 52ms
117 silly resolveWithNewModule is-extendable@0.1.1 checking installable status
118 silly pacote range manifest for extend-shallow@^2.0.1 fetched in 17ms
119 silly resolveWithNewModule extend-shallow@2.0.1 checking installable status
120 http fetch GET 200 https://registry.npmjs.org/is-number 80ms
121 http fetch GET 200 https://registry.npmjs.org/repeat-string 85ms
122 http fetch GET 200 https://registry.npmjs.org/to-regex-range 85ms
123 silly pacote range manifest for is-number@^3.0.0 fetched in 97ms
124 silly resolveWithNewModule is-number@3.0.0 checking installable status
125 silly pacote range manifest for repeat-string@^1.6.1 fetched in 99ms
126 silly resolveWithNewModule repeat-string@1.6.1 checking installable status
127 http fetch GET 200 https://registry.npmjs.org/to-regex-range/-/to-regex-range-2.1.1.tgz 39ms
128 silly pacote range manifest for to-regex-range@^2.1.0 fetched in 134ms
129 silly resolveWithNewModule to-regex-range@2.1.1 checking installable status
130 http fetch GET 200 https://registry.npmjs.org/kind-of/-/kind-of-3.2.2.tgz 39ms
131 silly pacote range manifest for kind-of@^3.0.2 fetched in 44ms
132 silly resolveWithNewModule kind-of@3.2.2 checking installable status
133 http fetch GET 200 https://registry.npmjs.org/is-buffer 65ms
134 silly pacote range manifest for is-buffer@^1.1.5 fetched in 69ms
135 silly resolveWithNewModule is-buffer@1.1.6 checking installable status
136 silly pacote range manifest for extend-shallow@^2.0.1 fetched in 9ms
137 silly resolveWithNewModule extend-shallow@2.0.1 checking installable status
138 silly pacote range manifest for define-property@^0.2.5 fetched in 13ms
139 silly resolveWithNewModule define-property@0.2.5 checking installable status
140 http fetch GET 200 https://registry.npmjs.org/source-map-resolve 80ms
141 http fetch GET 200 https://registry.npmjs.org/map-cache 84ms
142 http fetch GET 200 https://registry.npmjs.org/use 83ms
143 http fetch GET 200 https://registry.npmjs.org/base 90ms
144 http fetch GET 200 https://registry.npmjs.org/source-map 92ms
145 http fetch GET 200 https://registry.npmjs.org/debug 95ms
146 silly pacote range manifest for source-map-resolve@^0.5.0 fetched in 109ms
147 silly resolveWithNewModule source-map-resolve@0.5.2 checking installable status
148 silly pacote range manifest for use@^3.1.0 fetched in 110ms
149 silly resolveWithNewModule use@3.1.1 checking installable status
150 silly pacote range manifest for base@^0.11.1 fetched in 114ms
151 silly resolveWithNewModule base@0.11.2 checking installable status
152 http fetch GET 200 https://registry.npmjs.org/map-cache/-/map-cache-0.2.2.tgz 123ms
153 http fetch GET 200 https://registry.npmjs.org/debug/-/debug-2.6.9.tgz 113ms
154 http fetch GET 200 https://registry.npmjs.org/source-map/-/source-map-0.5.7.tgz 115ms
155 silly pacote range manifest for map-cache@^0.2.2 fetched in 227ms
156 silly resolveWithNewModule map-cache@0.2.2 checking installable status
157 silly pacote range manifest for debug@^2.2.0 fetched in 229ms
158 silly resolveWithNewModule debug@2.6.9 checking installable status
159 silly pacote range manifest for source-map@^0.5.6 fetched in 229ms
160 silly resolveWithNewModule source-map@0.5.7 checking installable status
161 silly pacote range manifest for define-property@^1.0.0 fetched in 10ms
162 silly resolveWithNewModule define-property@1.0.0 checking installable status
163 http fetch GET 200 https://registry.npmjs.org/cache-base 64ms
164 http fetch GET 200 https://registry.npmjs.org/class-utils 65ms
165 http fetch GET 200 https://registry.npmjs.org/pascalcase 67ms
166 http fetch GET 200 https://registry.npmjs.org/mixin-deep 70ms
167 silly pacote range manifest for cache-base@^1.0.1 fetched in 84ms
168 silly resolveWithNewModule cache-base@1.0.1 checking installable status
169 silly pacote range manifest for class-utils@^0.3.5 fetched in 84ms
170 silly resolveWithNewModule class-utils@0.3.6 checking installable status
171 http fetch GET 200 https://registry.npmjs.org/component-emitter 84ms
172 silly pacote range manifest for pascalcase@^0.1.1 fetched in 81ms
173 silly resolveWithNewModule pascalcase@0.1.1 checking installable status
174 silly pacote range manifest for mixin-deep@^1.2.0 fetched in 86ms
175 silly resolveWithNewModule mixin-deep@1.3.1 checking installable status
176 silly pacote range manifest for component-emitter@^1.2.1 fetched in 98ms
177 silly resolveWithNewModule component-emitter@1.2.1 checking installable status
178 http fetch GET 200 https://registry.npmjs.org/collection-visit 54ms
179 http fetch GET 200 https://registry.npmjs.org/set-value 85ms
180 silly pacote range manifest for collection-visit@^1.0.0 fetched in 95ms
181 silly resolveWithNewModule collection-visit@1.0.0 checking installable status
182 http fetch GET 200 https://registry.npmjs.org/has-value 95ms
183 http fetch GET 200 https://registry.npmjs.org/union-value 95ms
184 http fetch GET 200 https://registry.npmjs.org/get-value 97ms
185 http fetch GET 200 https://registry.npmjs.org/to-object-path 98ms
186 http fetch GET 200 https://registry.npmjs.org/unset-value 109ms
187 silly pacote range manifest for set-value@^2.0.0 fetched in 110ms
188 silly resolveWithNewModule set-value@2.0.0 checking installable status
189 silly pacote range manifest for has-value@^1.0.0 fetched in 115ms
190 silly resolveWithNewModule has-value@1.0.0 checking installable status
191 silly pacote range manifest for to-object-path@^0.3.0 fetched in 115ms
192 silly resolveWithNewModule to-object-path@0.3.0 checking installable status
193 silly pacote range manifest for get-value@^2.0.6 fetched in 117ms
194 silly resolveWithNewModule get-value@2.0.6 checking installable status
195 silly pacote range manifest for unset-value@^1.0.0 fetched in 117ms
196 silly resolveWithNewModule unset-value@1.0.0 checking installable status
197 http fetch GET 200 https://registry.npmjs.org/union-value/-/union-value-1.0.0.tgz 58ms
198 silly pacote range manifest for union-value@^1.0.0 fetched in 161ms
199 silly resolveWithNewModule union-value@1.0.0 checking installable status
200 http fetch GET 200 https://registry.npmjs.org/object-visit 41ms
201 silly pacote range manifest for object-visit@^1.0.0 fetched in 50ms
202 silly resolveWithNewModule object-visit@1.0.1 checking installable status
203 http fetch GET 200 https://registry.npmjs.org/map-visit 53ms
204 silly pacote range manifest for map-visit@^1.0.0 fetched in 57ms
205 silly resolveWithNewModule map-visit@1.0.0 checking installable status
206 http fetch GET 200 https://registry.npmjs.org/has-values 40ms
207 silly pacote range manifest for has-values@^1.0.0 fetched in 46ms
208 silly resolveWithNewModule has-values@1.0.0 checking installable status
209 http fetch GET 200 https://registry.npmjs.org/kind-of/-/kind-of-4.0.0.tgz 55ms
210 silly pacote range manifest for kind-of@^4.0.0 fetched in 61ms
211 silly resolveWithNewModule kind-of@4.0.0 checking installable status
212 silly pacote range manifest for extend-shallow@^2.0.1 fetched in 2ms
213 silly resolveWithNewModule extend-shallow@2.0.1 checking installable status
214 http fetch GET 200 https://registry.npmjs.org/is-plain-object 171ms
215 silly pacote range manifest for is-plain-object@^2.0.3 fetched in 175ms
216 silly resolveWithNewModule is-plain-object@2.0.4 checking installable status
217 silly pacote range manifest for is-extendable@^1.0.1 fetched in 5ms
218 silly resolveWithNewModule is-extendable@1.0.1 checking installable status
219 http fetch GET 200 https://registry.npmjs.org/assign-symbols 40ms
220 http fetch GET 200 https://registry.npmjs.org/assign-symbols/-/assign-symbols-1.0.0.tgz 54ms
221 silly pacote range manifest for assign-symbols@^1.0.0 fetched in 101ms
222 silly resolveWithNewModule assign-symbols@1.0.0 checking installable status
223 silly pacote range manifest for kind-of@^3.0.2 fetched in 1ms
224 silly resolveWithNewModule kind-of@3.2.2 checking installable status
225 silly pacote range manifest for set-value@^0.4.3 fetched in 5ms
226 silly resolveWithNewModule set-value@0.4.3 checking installable status
227 http fetch GET 200 https://registry.npmjs.org/arr-union 48ms
228 silly pacote range manifest for arr-union@^3.1.0 fetched in 52ms
229 silly resolveWithNewModule arr-union@3.1.0 checking installable status
230 silly pacote range manifest for extend-shallow@^2.0.1 fetched in 2ms
231 silly resolveWithNewModule extend-shallow@2.0.1 checking installable status
232 silly pacote range manifest for has-value@^0.3.1 fetched in 5ms
233 silly resolveWithNewModule has-value@0.3.1 checking installable status
234 silly pacote range manifest for isobject@^2.0.0 fetched in 8ms
235 silly resolveWithNewModule isobject@2.1.0 checking installable status
236 silly pacote range manifest for has-values@^0.1.4 fetched in 9ms
237 silly resolveWithNewModule has-values@0.1.4 checking installable status
238 http fetch GET 200 https://registry.npmjs.org/isarray 47ms
239 silly pacote version manifest for isarray@1.0.0 fetched in 69ms
240 silly resolveWithNewModule isarray@1.0.0 checking installable status
241 silly pacote range manifest for define-property@^0.2.5 fetched in 8ms
242 silly resolveWithNewModule define-property@0.2.5 checking installable status
243 http fetch GET 200 https://registry.npmjs.org/static-extend 56ms
244 silly pacote range manifest for static-extend@^0.1.1 fetched in 60ms
245 silly resolveWithNewModule static-extend@0.1.2 checking installable status
246 http fetch GET 200 https://registry.npmjs.org/is-descriptor 39ms
247 http fetch GET 200 https://registry.npmjs.org/is-descriptor/-/is-descriptor-0.1.6.tgz 43ms
248 silly pacote range manifest for is-descriptor@^0.1.0 fetched in 86ms
249 silly resolveWithNewModule is-descriptor@0.1.6 checking installable status
250 http fetch GET 200 https://registry.npmjs.org/is-data-descriptor 73ms
251 http fetch GET 200 https://registry.npmjs.org/is-accessor-descriptor 79ms
252 http fetch GET 200 https://registry.npmjs.org/kind-of/-/kind-of-5.1.0.tgz 85ms
253 silly pacote range manifest for kind-of@^5.0.0 fetched in 91ms
254 silly resolveWithNewModule kind-of@5.1.0 checking installable status
255 http fetch GET 200 https://registry.npmjs.org/is-data-descriptor/-/is-data-descriptor-0.1.4.tgz 64ms
256 http fetch GET 200 https://registry.npmjs.org/is-accessor-descriptor/-/is-accessor-descriptor-0.1.6.tgz 63ms
257 silly pacote range manifest for is-data-descriptor@^0.1.4 fetched in 154ms
258 silly resolveWithNewModule is-data-descriptor@0.1.4 checking installable status
259 silly pacote range manifest for is-accessor-descriptor@^0.1.6 fetched in 156ms
260 silly resolveWithNewModule is-accessor-descriptor@0.1.6 checking installable status
261 silly pacote range manifest for kind-of@^3.0.2 fetched in 1ms
262 silly resolveWithNewModule kind-of@3.2.2 checking installable status
263 silly pacote range manifest for kind-of@^3.0.2 fetched in 1ms
264 silly resolveWithNewModule kind-of@3.2.2 checking installable status
265 silly pacote range manifest for define-property@^0.2.5 fetched in 4ms
266 silly resolveWithNewModule define-property@0.2.5 checking installable status
267 http fetch GET 200 https://registry.npmjs.org/object-copy 45ms
268 silly pacote range manifest for object-copy@^0.1.0 fetched in 51ms
269 silly resolveWithNewModule object-copy@0.1.0 checking installable status
270 silly pacote range manifest for define-property@^0.2.5 fetched in 2ms
271 silly resolveWithNewModule define-property@0.2.5 checking installable status
272 silly pacote range manifest for kind-of@^3.0.3 fetched in 3ms
273 silly resolveWithNewModule kind-of@3.2.2 checking installable status
274 http fetch GET 200 https://registry.npmjs.org/copy-descriptor 40ms
275 silly pacote range manifest for copy-descriptor@^0.1.0 fetched in 46ms
276 silly resolveWithNewModule copy-descriptor@0.1.1 checking installable status
277 http fetch GET 200 https://registry.npmjs.org/is-descriptor/-/is-descriptor-1.0.2.tgz 44ms
278 silly pacote range manifest for is-descriptor@^1.0.0 fetched in 50ms
279 silly resolveWithNewModule is-descriptor@1.0.2 checking installable status
280 http fetch GET 200 https://registry.npmjs.org/is-accessor-descriptor/-/is-accessor-descriptor-1.0.0.tgz 43ms
281 silly pacote range manifest for is-accessor-descriptor@^1.0.0 fetched in 48ms
282 silly resolveWithNewModule is-accessor-descriptor@1.0.0 checking installable status
283 http fetch GET 200 https://registry.npmjs.org/is-data-descriptor/-/is-data-descriptor-1.0.0.tgz 107ms
284 silly pacote range manifest for is-data-descriptor@^1.0.0 fetched in 113ms
285 silly resolveWithNewModule is-data-descriptor@1.0.0 checking installable status
286 silly pacote range manifest for is-extendable@^1.0.1 fetched in 1ms
287 silly resolveWithNewModule is-extendable@1.0.1 checking installable status
288 http fetch GET 200 https://registry.npmjs.org/for-in 119ms
289 silly pacote range manifest for for-in@^1.0.2 fetched in 124ms
290 silly resolveWithNewModule for-in@1.0.2 checking installable status
291 http fetch GET 200 https://registry.npmjs.org/ms 40ms
292 http fetch GET 200 https://registry.npmjs.org/ms/-/ms-2.0.0.tgz 47ms
293 silly pacote version manifest for ms@2.0.0 fetched in 92ms
294 silly resolveWithNewModule ms@2.0.0 checking installable status
295 http fetch GET 200 https://registry.npmjs.org/resolve-url 44ms
296 http fetch GET 200 https://registry.npmjs.org/atob 45ms
297 http fetch GET 200 https://registry.npmjs.org/urix 51ms
298 http fetch GET 200 https://registry.npmjs.org/decode-uri-component 53ms
299 http fetch GET 200 https://registry.npmjs.org/source-map-url 54ms
300 silly pacote range manifest for resolve-url@^0.2.1 fetched in 56ms
301 silly resolveWithNewModule resolve-url@0.2.1 checking installable status
302 silly pacote range manifest for atob@^2.1.1 fetched in 60ms
303 silly resolveWithNewModule atob@2.1.2 checking installable status
304 silly pacote range manifest for urix@^0.1.0 fetched in 60ms
305 silly resolveWithNewModule urix@0.1.0 checking installable status
306 silly pacote range manifest for decode-uri-component@^0.2.0 fetched in 63ms
307 silly resolveWithNewModule decode-uri-component@0.2.0 checking installable status
308 silly pacote range manifest for source-map-url@^0.4.0 fetched in 64ms
309 silly resolveWithNewModule source-map-url@0.4.0 checking installable status
310 silly pacote range manifest for define-property@^1.0.0 fetched in 3ms
311 silly resolveWithNewModule define-property@1.0.0 checking installable status
312 http fetch GET 200 https://registry.npmjs.org/snapdragon-util 42ms
313 silly pacote range manifest for snapdragon-util@^3.0.1 fetched in 47ms
314 silly resolveWithNewModule snapdragon-util@3.0.1 checking installable status
315 silly pacote range manifest for is-descriptor@^1.0.0 fetched in 1ms
316 silly resolveWithNewModule is-descriptor@1.0.2 checking installable status
317 silly pacote range manifest for is-accessor-descriptor@^1.0.0 fetched in 2ms
318 silly resolveWithNewModule is-accessor-descriptor@1.0.0 checking installable status
319 silly pacote range manifest for is-data-descriptor@^1.0.0 fetched in 3ms
320 silly resolveWithNewModule is-data-descriptor@1.0.0 checking installable status
321 silly pacote range manifest for kind-of@^3.2.0 fetched in 4ms
322 silly resolveWithNewModule kind-of@3.2.2 checking installable status
323 http fetch GET 200 https://registry.npmjs.org/safe-regex 42ms
324 http fetch GET 200 https://registry.npmjs.org/safe-regex/-/safe-regex-1.1.0.tgz 44ms
325 silly pacote range manifest for safe-regex@^1.1.0 fetched in 93ms
326 silly resolveWithNewModule safe-regex@1.1.0 checking installable status
327 silly pacote range manifest for is-descriptor@^1.0.2 fetched in 1ms
328 silly resolveWithNewModule is-descriptor@1.0.2 checking installable status
329 silly pacote range manifest for is-accessor-descriptor@^1.0.0 fetched in 2ms
330 silly resolveWithNewModule is-accessor-descriptor@1.0.0 checking installable status
331 silly pacote range manifest for is-data-descriptor@^1.0.0 fetched in 4ms
332 silly resolveWithNewModule is-data-descriptor@1.0.0 checking installable status
333 http fetch GET 200 https://registry.npmjs.org/ret 39ms
334 silly pacote range manifest for ret@~0.1.10 fetched in 42ms
335 silly resolveWithNewModule ret@0.1.15 checking installable status
336 silly pacote range manifest for define-property@^1.0.0 fetched in 2ms
337 silly resolveWithNewModule define-property@1.0.0 checking installable status
338 silly pacote range manifest for extend-shallow@^2.0.1 fetched in 3ms
339 silly resolveWithNewModule extend-shallow@2.0.1 checking installable status
340 http fetch GET 200 https://registry.npmjs.org/expand-brackets 58ms
341 silly pacote range manifest for expand-brackets@^2.1.4 fetched in 63ms
342 silly resolveWithNewModule expand-brackets@2.1.4 checking installable status
343 silly pacote range manifest for is-descriptor@^1.0.0 fetched in 2ms
344 silly resolveWithNewModule is-descriptor@1.0.2 checking installable status
345 silly pacote range manifest for is-accessor-descriptor@^1.0.0 fetched in 1ms
346 silly resolveWithNewModule is-accessor-descriptor@1.0.0 checking installable status
347 silly pacote range manifest for is-data-descriptor@^1.0.0 fetched in 2ms
348 silly resolveWithNewModule is-data-descriptor@1.0.0 checking installable status
349 silly pacote range manifest for define-property@^0.2.5 fetched in 3ms
350 silly resolveWithNewModule define-property@0.2.5 checking installable status
351 silly pacote range manifest for extend-shallow@^2.0.1 fetched in 4ms
352 silly resolveWithNewModule extend-shallow@2.0.1 checking installable status
353 http fetch GET 200 https://registry.npmjs.org/posix-character-classes 45ms
354 silly pacote range manifest for posix-character-classes@^0.1.0 fetched in 51ms
355 silly resolveWithNewModule posix-character-classes@0.1.1 checking installable status
356 http fetch GET 200 https://registry.npmjs.org/is-windows 58ms
357 silly pacote range manifest for is-windows@^1.0.2 fetched in 63ms
358 silly resolveWithNewModule is-windows@1.0.2 checking installable status
359 http fetch GET 200 https://registry.npmjs.org/remove-trailing-separator 40ms
360 silly pacote range manifest for remove-trailing-separator@^1.0.1 fetched in 46ms
361 silly resolveWithNewModule remove-trailing-separator@1.1.0 checking installable status
362 http fetch GET 200 https://registry.npmjs.org/end-of-stream 52ms
363 http fetch GET 200 https://registry.npmjs.org/process-nextick-args 52ms
364 http fetch GET 200 https://registry.npmjs.org/stream-exhaust 55ms
365 http fetch GET 200 https://registry.npmjs.org/once 59ms
366 silly pacote range manifest for end-of-stream@^1.1.0 fetched in 64ms
367 silly resolveWithNewModule end-of-stream@1.4.1 checking installable status
368 silly pacote range manifest for process-nextick-args@^1.0.7 fetched in 64ms
369 silly resolveWithNewModule process-nextick-args@1.0.7 checking installable status
370 silly pacote range manifest for stream-exhaust@^1.0.1 fetched in 65ms
371 silly resolveWithNewModule stream-exhaust@1.0.2 checking installable status
372 silly pacote range manifest for once@^1.3.2 fetched in 69ms
373 silly resolveWithNewModule once@1.4.0 checking installable status
374 http fetch GET 200 https://registry.npmjs.org/wrappy 61ms
375 silly pacote range manifest for wrappy@1 fetched in 67ms
376 silly resolveWithNewModule wrappy@1.0.2 checking installable status
377 silly pacote range manifest for normalize-path@^3.0.0 fetched in 8ms
378 silly resolveWithNewModule normalize-path@3.0.0 checking installable status
379 http fetch GET 200 https://registry.npmjs.org/inherits 108ms
380 http fetch GET 200 https://registry.npmjs.org/async-each 119ms
381 http fetch GET 200 https://registry.npmjs.org/is-binary-path 119ms
382 http fetch GET 200 https://registry.npmjs.org/is-glob 120ms
383 http fetch GET 200 https://registry.npmjs.org/upath 119ms
384 http fetch GET 200 https://registry.npmjs.org/readdirp 121ms
385 http fetch GET 200 https://registry.npmjs.org/fsevents 121ms
386 http fetch GET 200 https://registry.npmjs.org/glob-parent 132ms
387 http fetch GET 200 https://registry.npmjs.org/path-is-absolute 134ms
388 silly pacote range manifest for inherits@^2.0.3 fetched in 142ms
389 silly resolveWithNewModule inherits@2.0.3 checking installable status
390 silly pacote range manifest for is-glob@^4.0.0 fetched in 153ms
391 silly resolveWithNewModule is-glob@4.0.0 checking installable status
392 silly pacote range manifest for fsevents@^1.2.7 fetched in 152ms
393 silly resolveWithNewModule fsevents@1.2.7 checking installable status
394 silly tarball trying https://registry.npmjs.org/fsevents/-/fsevents-1.2.7.tgz by hash: sha512-Pxm6sI2MeBD7RdD12RYsqaP0nMiwx8eZBXCa6z2L+mRHm2DYrOYwihmhjpkdjUHwQhslWQjRpEgNq4XvBmaAuw==
395 silly pacote range manifest for readdirp@^2.2.1 fetched in 171ms
396 silly resolveWithNewModule readdirp@2.2.1 checking installable status
397 silly pacote range manifest for is-binary-path@^1.0.0 fetched in 189ms
398 silly resolveWithNewModule is-binary-path@1.0.1 checking installable status
399 silly pacote range manifest for upath@^1.1.0 fetched in 189ms
400 silly resolveWithNewModule upath@1.1.2 checking installable status
401 silly pacote range manifest for async-each@^1.0.1 fetched in 191ms
402 silly resolveWithNewModule async-each@1.0.2 checking installable status
403 silly tarball no local data for https://registry.npmjs.org/fsevents/-/fsevents-1.2.7.tgz. Extracting by manifest.
404 http fetch GET 200 https://registry.npmjs.org/glob-parent/-/glob-parent-3.1.0.tgz 88ms
405 http fetch GET 200 https://registry.npmjs.org/path-is-absolute/-/path-is-absolute-1.0.1.tgz 85ms
406 silly pacote range manifest for glob-parent@^3.1.0 fetched in 228ms
407 silly resolveWithNewModule glob-parent@3.1.0 checking installable status
408 silly pacote range manifest for path-is-absolute@^1.0.0 fetched in 227ms
409 silly resolveWithNewModule path-is-absolute@1.0.1 checking installable status
410 http fetch GET 200 https://registry.npmjs.org/fsevents/-/fsevents-1.2.7.tgz 597ms
411 silly extract https://registry.npmjs.org/fsevents/-/fsevents-1.2.7.tgz extracted to /var/folders/6b/f2jnqmdd1qv4g5qkxtnv451w0000gn/T/npm-2211-70b6e3a1/unpack-fa412b01 (687ms)
412 silly addBundled read tarball
413 silly cleanup remove extracted module
414 http fetch GET 200 https://registry.npmjs.org/nan 60ms
415 silly pacote range manifest for nan@^2.9.2 fetched in 71ms
416 silly resolveWithNewModule nan@2.13.1 checking installable status
417 silly pacote range manifest for is-glob@^3.1.0 fetched in 6ms
418 silly resolveWithNewModule is-glob@3.1.0 checking installable status
419 http fetch GET 200 https://registry.npmjs.org/path-dirname 46ms
420 http fetch GET 200 https://registry.npmjs.org/path-dirname/-/path-dirname-1.0.2.tgz 42ms
421 silly pacote range manifest for path-dirname@^1.0.0 fetched in 95ms
422 silly resolveWithNewModule path-dirname@1.0.2 checking installable status
423 http fetch GET 200 https://registry.npmjs.org/is-extglob 46ms
424 silly pacote range manifest for is-extglob@^2.1.0 fetched in 49ms
425 silly resolveWithNewModule is-extglob@2.1.1 checking installable status
426 http fetch GET 200 https://registry.npmjs.org/binary-extensions 42ms
427 silly pacote range manifest for binary-extensions@^1.0.0 fetched in 46ms
428 silly resolveWithNewModule binary-extensions@1.13.0 checking installable status
429 http fetch GET 200 https://registry.npmjs.org/graceful-fs 74ms
430 silly pacote range manifest for graceful-fs@^4.1.11 fetched in 84ms
431 silly resolveWithNewModule graceful-fs@4.1.15 checking installable status
432 http fetch GET 200 https://registry.npmjs.org/readable-stream 86ms
433 silly pacote range manifest for readable-stream@^2.0.2 fetched in 94ms
434 silly resolveWithNewModule readable-stream@2.3.6 checking installable status
435 silly pacote range manifest for process-nextick-args@~2.0.0 fetched in 42ms
436 silly resolveWithNewModule process-nextick-args@2.0.0 checking installable status
437 http fetch GET 200 https://registry.npmjs.org/string_decoder 71ms
438 http fetch GET 200 https://registry.npmjs.org/safe-buffer 74ms
439 http fetch GET 200 https://registry.npmjs.org/util-deprecate 74ms
440 silly pacote range manifest for string_decoder@~1.1.1 fetched in 110ms
441 silly resolveWithNewModule string_decoder@1.1.1 checking installable status
442 silly pacote range manifest for util-deprecate@~1.0.1 fetched in 111ms
443 silly resolveWithNewModule util-deprecate@1.0.2 checking installable status
444 silly pacote range manifest for safe-buffer@~5.1.1 fetched in 114ms
445 silly resolveWithNewModule safe-buffer@5.1.2 checking installable status
446 http fetch GET 200 https://registry.npmjs.org/core-util-is 123ms
447 silly pacote range manifest for core-util-is@~1.0.0 fetched in 128ms
448 silly resolveWithNewModule core-util-is@1.0.2 checking installable status
449 http fetch GET 200 https://registry.npmjs.org/for-own 56ms
450 http fetch GET 200 https://registry.npmjs.org/array-each 60ms
451 http fetch GET 200 https://registry.npmjs.org/array-slice 60ms
452 silly pacote range manifest for for-own@^1.0.0 fetched in 65ms
453 silly resolveWithNewModule for-own@1.0.0 checking installable status
454 silly pacote range manifest for array-each@^1.0.1 fetched in 76ms
455 silly resolveWithNewModule array-each@1.0.1 checking installable status
456 silly pacote range manifest for array-slice@^1.0.0 fetched in 77ms
457 silly resolveWithNewModule array-slice@1.1.0 checking installable status
458 http fetch GET 200 https://registry.npmjs.org/fancy-log 72ms
459 http fetch GET 200 https://registry.npmjs.org/color-support 75ms
460 http fetch GET 200 https://registry.npmjs.org/archy 76ms
461 http fetch GET 200 https://registry.npmjs.org/copy-props 76ms
462 http fetch GET 200 https://registry.npmjs.org/interpret 80ms
463 http fetch GET 200 https://registry.npmjs.org/ansi-colors 82ms
464 http fetch GET 200 https://registry.npmjs.org/liftoff 82ms
465 http fetch GET 200 https://registry.npmjs.org/array-sort 88ms
466 http fetch GET 200 https://registry.npmjs.org/gulplog 87ms
467 http fetch GET 200 https://registry.npmjs.org/concat-stream 91ms
468 silly pacote range manifest for archy@^1.0.0 fetched in 108ms
469 silly resolveWithNewModule archy@1.0.0 checking installable status
470 silly pacote range manifest for fancy-log@^1.3.2 fetched in 107ms
471 silly resolveWithNewModule fancy-log@1.3.3 checking installable status
472 silly pacote range manifest for copy-props@^2.0.1 fetched in 110ms
473 silly resolveWithNewModule copy-props@2.0.4 checking installable status
474 silly pacote range manifest for interpret@^1.1.0 fetched in 111ms
475 silly resolveWithNewModule interpret@1.2.0 checking installable status
476 silly pacote range manifest for color-support@^1.1.3 fetched in 114ms
477 silly resolveWithNewModule color-support@1.1.3 checking installable status
478 silly pacote range manifest for ansi-colors@^1.0.1 fetched in 126ms
479 silly resolveWithNewModule ansi-colors@1.1.0 checking installable status
480 silly pacote range manifest for array-sort@^1.0.0 fetched in 136ms
481 silly resolveWithNewModule array-sort@1.0.0 checking installable status
482 silly pacote range manifest for gulplog@^1.0.0 fetched in 142ms
483 silly resolveWithNewModule gulplog@1.0.0 checking installable status
484 silly pacote range manifest for concat-stream@^1.6.0 fetched in 150ms
485 silly resolveWithNewModule concat-stream@1.6.2 checking installable status
486 http fetch GET 200 https://registry.npmjs.org/liftoff/-/liftoff-2.5.0.tgz 66ms
487 silly pacote range manifest for liftoff@^2.5.0 fetched in 157ms
488 silly resolveWithNewModule liftoff@2.5.0 checking installable status
489 http fetch GET 200 https://registry.npmjs.org/matchdep 61ms
490 http fetch GET 200 https://registry.npmjs.org/pretty-hrtime 68ms
491 silly pacote range manifest for matchdep@^2.0.0 fetched in 150ms
492 silly resolveWithNewModule matchdep@2.0.0 checking installable status
493 http fetch GET 200 https://registry.npmjs.org/replace-homedir 152ms
494 http fetch GET 200 https://registry.npmjs.org/v8flags 178ms
495 http fetch GET 200 https://registry.npmjs.org/mute-stdout 196ms
496 http fetch GET 200 https://registry.npmjs.org/semver-greatest-satisfied-range 191ms
497 http fetch GET 200 https://registry.npmjs.org/pretty-hrtime/-/pretty-hrtime-1.0.3.tgz 125ms
498 http fetch GET 200 https://registry.npmjs.org/yargs 180ms
499 silly pacote range manifest for replace-homedir@^1.0.0 fetched in 202ms
500 silly resolveWithNewModule replace-homedir@1.0.0 checking installable status
501 silly pacote range manifest for v8flags@^3.0.1 fetched in 210ms
502 silly resolveWithNewModule v8flags@3.1.2 checking installable status
503 silly pacote range manifest for mute-stdout@^1.0.0 fetched in 227ms
504 silly resolveWithNewModule mute-stdout@1.0.1 checking installable status
505 silly pacote range manifest for pretty-hrtime@^1.0.0 fetched in 218ms
506 silly resolveWithNewModule pretty-hrtime@1.0.3 checking installable status
507 silly pacote range manifest for semver-greatest-satisfied-range@^1.1.0 fetched in 218ms
508 silly resolveWithNewModule semver-greatest-satisfied-range@1.1.0 checking installable status
509 http fetch GET 200 https://registry.npmjs.org/yargs/-/yargs-7.1.0.tgz 70ms
510 silly pacote range manifest for yargs@^7.1.0 fetched in 264ms
511 silly resolveWithNewModule yargs@7.1.0 checking installable status
512 http fetch GET 200 https://registry.npmjs.org/ansi-wrap 36ms
513 silly pacote range manifest for ansi-wrap@^0.1.0 fetched in 44ms
514 silly resolveWithNewModule ansi-wrap@0.1.0 checking installable status
515 silly pacote range manifest for kind-of@^5.0.2 fetched in 4ms
516 silly resolveWithNewModule kind-of@5.1.0 checking installable status
517 http fetch GET 200 https://registry.npmjs.org/default-compare 46ms
518 silly pacote range manifest for default-compare@^1.0.0 fetched in 51ms
519 silly resolveWithNewModule default-compare@1.0.0 checking installable status
520 silly pacote range manifest for kind-of@^5.0.2 fetched in 1ms
521 silly resolveWithNewModule kind-of@5.1.0 checking installable status
522 http fetch GET 200 https://registry.npmjs.org/buffer-from 45ms
523 silly pacote range manifest for buffer-from@^1.0.0 fetched in 48ms
524 silly resolveWithNewModule buffer-from@1.1.1 checking installable status
525 http fetch GET 200 https://registry.npmjs.org/typedarray 48ms
526 silly pacote range manifest for typedarray@^0.0.6 fetched in 52ms
527 silly resolveWithNewModule typedarray@0.0.6 checking installable status
528 http fetch GET 200 https://registry.npmjs.org/each-props 48ms
529 silly pacote range manifest for each-props@^1.3.0 fetched in 53ms
530 silly resolveWithNewModule each-props@1.3.2 checking installable status
531 http fetch GET 200 https://registry.npmjs.org/parse-node-version 56ms
532 http fetch GET 200 https://registry.npmjs.org/time-stamp 57ms
533 silly pacote range manifest for parse-node-version@^1.0.0 fetched in 67ms
534 silly resolveWithNewModule parse-node-version@1.0.1 checking installable status
535 http fetch GET 200 https://registry.npmjs.org/ansi-gray 70ms
536 silly pacote range manifest for ansi-gray@^0.1.1 fetched in 75ms
537 silly resolveWithNewModule ansi-gray@0.1.1 checking installable status
538 http fetch GET 200 https://registry.npmjs.org/time-stamp/-/time-stamp-1.1.0.tgz 42ms
539 silly pacote range manifest for time-stamp@^1.0.0 fetched in 107ms
540 silly resolveWithNewModule time-stamp@1.1.0 checking installable status
541 http fetch GET 200 https://registry.npmjs.org/glogg 50ms
542 silly pacote range manifest for glogg@^1.0.0 fetched in 55ms
543 silly resolveWithNewModule glogg@1.0.2 checking installable status
544 http fetch GET 200 https://registry.npmjs.org/sparkles 36ms
545 silly pacote range manifest for sparkles@^1.0.0 fetched in 40ms
546 silly resolveWithNewModule sparkles@1.0.1 checking installable status
547 http fetch GET 200 https://registry.npmjs.org/extend 38ms
548 silly pacote range manifest for extend@^3.0.0 fetched in 43ms
549 silly resolveWithNewModule extend@3.0.2 checking installable status
550 http fetch GET 200 https://registry.npmjs.org/flagged-respawn 56ms
551 http fetch GET 200 https://registry.npmjs.org/findup-sync 63ms
552 http fetch GET 200 https://registry.npmjs.org/resolve 63ms
553 http fetch GET 200 https://registry.npmjs.org/rechoir 68ms
554 silly pacote range manifest for flagged-respawn@^1.0.0 fetched in 74ms
555 silly resolveWithNewModule flagged-respawn@1.0.1 checking installable status
556 http fetch GET 200 https://registry.npmjs.org/fined 75ms
557 silly pacote range manifest for resolve@^1.1.7 fetched in 76ms
558 silly resolveWithNewModule resolve@1.10.0 checking installable status
559 silly pacote range manifest for fined@^1.0.1 fetched in 80ms
560 silly resolveWithNewModule fined@1.1.1 checking installable status
561 http fetch GET 200 https://registry.npmjs.org/findup-sync/-/findup-sync-2.0.0.tgz 47ms
562 http fetch GET 200 https://registry.npmjs.org/rechoir/-/rechoir-0.6.2.tgz 47ms
563 silly pacote range manifest for findup-sync@^2.0.0 fetched in 123ms
564 silly resolveWithNewModule findup-sync@2.0.0 checking installable status
565 silly pacote range manifest for rechoir@^0.6.2 fetched in 133ms
566 silly resolveWithNewModule rechoir@0.6.2 checking installable status
567 http fetch GET 200 https://registry.npmjs.org/object.map 135ms
568 silly pacote range manifest for object.map@^1.0.0 fetched in 139ms
569 silly resolveWithNewModule object.map@1.0.1 checking installable status
570 silly pacote range manifest for is-glob@^3.1.0 fetched in 3ms
571 silly resolveWithNewModule is-glob@3.1.0 checking installable status
572 http fetch GET 200 https://registry.npmjs.org/resolve-dir 40ms
573 http fetch GET 200 https://registry.npmjs.org/detect-file 42ms
574 silly pacote range manifest for detect-file@^1.0.0 fetched in 47ms
575 silly resolveWithNewModule detect-file@1.0.0 checking installable status
576 http fetch GET 200 https://registry.npmjs.org/resolve-dir/-/resolve-dir-1.0.1.tgz 133ms
577 silly pacote range manifest for resolve-dir@^1.0.1 fetched in 177ms
578 silly resolveWithNewModule resolve-dir@1.0.1 checking installable status
579 http fetch GET 200 https://registry.npmjs.org/global-modules 43ms
580 http fetch GET 200 https://registry.npmjs.org/global-modules/-/global-modules-1.0.0.tgz 47ms
581 silly pacote range manifest for global-modules@^1.0.0 fetched in 95ms
582 silly resolveWithNewModule global-modules@1.0.0 checking installable status
583 http fetch GET 200 https://registry.npmjs.org/expand-tilde 107ms
584 silly pacote range manifest for expand-tilde@^2.0.0 fetched in 111ms
585 silly resolveWithNewModule expand-tilde@2.0.2 checking installable status
586 http fetch GET 200 https://registry.npmjs.org/homedir-polyfill 43ms
587 silly pacote range manifest for homedir-polyfill@^1.0.1 fetched in 47ms
588 silly resolveWithNewModule homedir-polyfill@1.0.3 checking installable status
589 http fetch GET 200 https://registry.npmjs.org/parse-passwd 34ms
590 silly pacote range manifest for parse-passwd@^1.0.0 fetched in 38ms
591 silly resolveWithNewModule parse-passwd@1.0.0 checking installable status
592 http fetch GET 200 https://registry.npmjs.org/global-prefix 40ms
593 http fetch GET 200 https://registry.npmjs.org/global-prefix/-/global-prefix-1.0.2.tgz 61ms
594 silly pacote range manifest for global-prefix@^1.0.1 fetched in 105ms
595 silly resolveWithNewModule global-prefix@1.0.2 checking installable status
596 http fetch GET 200 https://registry.npmjs.org/which 45ms
597 http fetch GET 200 https://registry.npmjs.org/ini 49ms
598 silly pacote range manifest for which@^1.2.14 fetched in 52ms
599 silly resolveWithNewModule which@1.3.1 checking installable status
600 silly pacote range manifest for ini@^1.3.4 fetched in 55ms
601 silly resolveWithNewModule ini@1.3.5 checking installable status
602 http fetch GET 200 https://registry.npmjs.org/isexe 55ms
603 silly pacote range manifest for isexe@^2.0.0 fetched in 58ms
604 silly resolveWithNewModule isexe@2.0.0 checking installable status
605 http fetch GET 200 https://registry.npmjs.org/parse-filepath 50ms
606 http fetch GET 200 https://registry.npmjs.org/parse-filepath/-/parse-filepath-1.0.2.tgz 38ms
607 silly pacote range manifest for parse-filepath@^1.0.1 fetched in 96ms
608 silly resolveWithNewModule parse-filepath@1.0.2 checking installable status
609 http fetch GET 200 https://registry.npmjs.org/path-root 45ms
610 http fetch GET 200 https://registry.npmjs.org/is-absolute 45ms
611 silly pacote range manifest for path-root@^0.1.1 fetched in 50ms
612 silly resolveWithNewModule path-root@0.1.1 checking installable status
613 silly pacote range manifest for is-absolute@^1.0.0 fetched in 52ms
614 silly resolveWithNewModule is-absolute@1.0.0 checking installable status
615 http fetch GET 200 https://registry.npmjs.org/is-relative 41ms
616 silly pacote range manifest for is-relative@^1.0.0 fetched in 45ms
617 silly resolveWithNewModule is-relative@1.0.0 checking installable status
618 http fetch GET 200 https://registry.npmjs.org/is-unc-path 43ms
619 silly pacote range manifest for is-unc-path@^1.0.0 fetched in 46ms
620 silly resolveWithNewModule is-unc-path@1.0.0 checking installable status
621 http fetch GET 200 https://registry.npmjs.org/unc-path-regex 41ms
622 silly pacote range manifest for unc-path-regex@^0.1.2 fetched in 47ms
623 silly resolveWithNewModule unc-path-regex@0.1.2 checking installable status
624 http fetch GET 200 https://registry.npmjs.org/path-root-regex 35ms
625 silly pacote range manifest for path-root-regex@^0.1.0 fetched in 38ms
626 silly resolveWithNewModule path-root-regex@0.1.2 checking installable status
627 http fetch GET 200 https://registry.npmjs.org/make-iterator 52ms
628 silly pacote range manifest for make-iterator@^1.0.0 fetched in 56ms
629 silly resolveWithNewModule make-iterator@1.0.1 checking installable status
630 http fetch GET 200 https://registry.npmjs.org/path-parse 49ms
631 silly pacote range manifest for path-parse@^1.0.6 fetched in 52ms
632 silly resolveWithNewModule path-parse@1.0.6 checking installable status
633 http fetch GET 200 https://registry.npmjs.org/stack-trace 40ms
634 silly pacote version manifest for stack-trace@0.0.10 fetched in 109ms
635 silly resolveWithNewModule stack-trace@0.0.10 checking installable status
636 http fetch GET 200 https://registry.npmjs.org/sver-compat 40ms
637 silly pacote range manifest for sver-compat@^1.5.0 fetched in 44ms
638 silly resolveWithNewModule sver-compat@1.5.0 checking installable status
639 http fetch GET 200 https://registry.npmjs.org/es6-iterator 45ms
640 silly pacote range manifest for es6-iterator@^2.0.1 fetched in 49ms
641 silly resolveWithNewModule es6-iterator@2.0.3 checking installable status
642 http fetch GET 200 https://registry.npmjs.org/es6-symbol 96ms
643 silly pacote range manifest for es6-symbol@^3.1.1 fetched in 99ms
644 silly resolveWithNewModule es6-symbol@3.1.1 checking installable status
645 http fetch GET 200 https://registry.npmjs.org/d 49ms
646 http fetch GET 200 https://registry.npmjs.org/es5-ext 71ms
647 silly pacote range manifest for es5-ext@^0.10.35 fetched in 78ms
648 silly resolveWithNewModule es5-ext@0.10.49 checking installable status
649 http fetch GET 200 https://registry.npmjs.org/d/-/d-1.0.0.tgz 48ms
650 silly pacote range manifest for d@1 fetched in 104ms
651 silly resolveWithNewModule d@1.0.0 checking installable status
652 http fetch GET 200 https://registry.npmjs.org/next-tick 42ms
653 http fetch GET 200 https://registry.npmjs.org/next-tick/-/next-tick-1.0.0.tgz 48ms
654 silly pacote range manifest for next-tick@^1.0.0 fetched in 102ms
655 silly resolveWithNewModule next-tick@1.0.0 checking installable status
656 http fetch GET 200 https://registry.npmjs.org/decamelize 70ms
657 http fetch GET 200 https://registry.npmjs.org/read-pkg-up 70ms
658 http fetch GET 200 https://registry.npmjs.org/string-width 72ms
659 http fetch GET 200 https://registry.npmjs.org/set-blocking 74ms
660 http fetch GET 200 https://registry.npmjs.org/require-main-filename 75ms
661 http fetch GET 200 https://registry.npmjs.org/camelcase 78ms
662 http fetch GET 200 https://registry.npmjs.org/require-directory 79ms
663 http fetch GET 200 https://registry.npmjs.org/os-locale 83ms
664 http fetch GET 200 https://registry.npmjs.org/cliui 85ms
665 http fetch GET 200 https://registry.npmjs.org/get-caller-file 124ms
666 silly pacote range manifest for read-pkg-up@^1.0.1 fetched in 136ms
667 silly resolveWithNewModule read-pkg-up@1.0.1 checking installable status
668 silly pacote range manifest for require-directory@^2.1.1 fetched in 149ms
669 silly resolveWithNewModule require-directory@2.1.1 checking installable status
670 silly pacote range manifest for set-blocking@^2.0.0 fetched in 152ms
671 silly resolveWithNewModule set-blocking@2.0.0 checking installable status
672 silly pacote range manifest for cliui@^3.2.0 fetched in 165ms
673 silly resolveWithNewModule cliui@3.2.0 checking installable status
674 silly pacote range manifest for get-caller-file@^1.0.1 fetched in 169ms
675 silly resolveWithNewModule get-caller-file@1.0.3 checking installable status
676 http fetch GET 200 https://registry.npmjs.org/decamelize/-/decamelize-1.2.0.tgz 97ms
677 http fetch GET 200 https://registry.npmjs.org/string-width/-/string-width-1.0.2.tgz 92ms
678 http fetch GET 200 https://registry.npmjs.org/require-main-filename/-/require-main-filename-1.0.1.tgz 97ms
679 http fetch GET 200 https://registry.npmjs.org/camelcase/-/camelcase-3.0.0.tgz 98ms
680 http fetch GET 200 https://registry.npmjs.org/os-locale/-/os-locale-1.4.0.tgz 99ms
681 silly pacote range manifest for decamelize@^1.1.1 fetched in 201ms
682 silly resolveWithNewModule decamelize@1.2.0 checking installable status
683 silly pacote range manifest for camelcase@^3.0.0 fetched in 206ms
684 silly resolveWithNewModule camelcase@3.0.0 checking installable status
685 silly pacote range manifest for string-width@^1.0.2 fetched in 204ms
686 silly resolveWithNewModule string-width@1.0.2 checking installable status
687 silly pacote range manifest for require-main-filename@^1.0.1 fetched in 210ms
688 silly resolveWithNewModule require-main-filename@1.0.1 checking installable status
689 http fetch GET 200 https://registry.npmjs.org/which-module 75ms
690 silly pacote range manifest for os-locale@^1.4.0 fetched in 218ms
691 silly resolveWithNewModule os-locale@1.4.0 checking installable status
692 http fetch GET 200 https://registry.npmjs.org/y18n 69ms
693 http fetch GET 200 https://registry.npmjs.org/yargs-parser 68ms
694 silly pacote range manifest for which-module@^1.0.0 fetched in 91ms
695 silly resolveWithNewModule which-module@1.0.0 checking installable status
696 silly pacote range manifest for y18n@^3.2.1 fetched in 92ms
697 silly resolveWithNewModule y18n@3.2.1 checking installable status
698 http fetch GET 200 https://registry.npmjs.org/yargs-parser/-/yargs-parser-5.0.0.tgz 46ms
699 silly pacote range manifest for yargs-parser@^5.0.0 fetched in 124ms
700 silly resolveWithNewModule yargs-parser@5.0.0 checking installable status
701 http fetch GET 200 https://registry.npmjs.org/strip-ansi 42ms
702 http fetch GET 200 https://registry.npmjs.org/wrap-ansi 43ms
703 http fetch GET 200 https://registry.npmjs.org/wrap-ansi/-/wrap-ansi-2.1.0.tgz 44ms
704 http fetch GET 200 https://registry.npmjs.org/strip-ansi/-/strip-ansi-3.0.1.tgz 45ms
705 silly pacote range manifest for wrap-ansi@^2.0.0 fetched in 93ms
706 silly resolveWithNewModule wrap-ansi@2.1.0 checking installable status
707 silly pacote range manifest for strip-ansi@^3.0.1 fetched in 94ms
708 silly resolveWithNewModule strip-ansi@3.0.1 checking installable status
709 http fetch GET 200 https://registry.npmjs.org/code-point-at 45ms
710 http fetch GET 200 https://registry.npmjs.org/is-fullwidth-code-point 45ms
711 silly pacote range manifest for code-point-at@^1.0.0 fetched in 62ms
712 silly resolveWithNewModule code-point-at@1.1.0 checking installable status
713 silly pacote range manifest for is-fullwidth-code-point@^1.0.0 fetched in 63ms
714 silly resolveWithNewModule is-fullwidth-code-point@1.0.0 checking installable status
715 http fetch GET 200 https://registry.npmjs.org/number-is-nan 40ms
716 silly pacote range manifest for number-is-nan@^1.0.0 fetched in 44ms
717 silly resolveWithNewModule number-is-nan@1.0.1 checking installable status
718 http fetch GET 200 https://registry.npmjs.org/ansi-regex 43ms
719 http fetch GET 200 https://registry.npmjs.org/ansi-regex/-/ansi-regex-2.1.1.tgz 52ms
720 silly pacote range manifest for ansi-regex@^2.0.0 fetched in 102ms
721 silly resolveWithNewModule ansi-regex@2.1.1 checking installable status
722 http fetch GET 200 https://registry.npmjs.org/lcid 46ms
723 silly pacote range manifest for lcid@^1.0.0 fetched in 49ms
724 silly resolveWithNewModule lcid@1.0.0 checking installable status
725 http fetch GET 200 https://registry.npmjs.org/invert-kv 44ms
726 silly pacote range manifest for invert-kv@^1.0.0 fetched in 47ms
727 silly resolveWithNewModule invert-kv@1.0.0 checking installable status
728 http fetch GET 200 https://registry.npmjs.org/find-up 38ms
729 silly pacote range manifest for find-up@^1.0.0 fetched in 44ms
730 silly resolveWithNewModule find-up@1.1.2 checking installable status
731 http fetch GET 200 https://registry.npmjs.org/read-pkg 46ms
732 http fetch GET 200 https://registry.npmjs.org/read-pkg/-/read-pkg-1.1.0.tgz 49ms
733 silly pacote range manifest for read-pkg@^1.0.0 fetched in 104ms
734 silly resolveWithNewModule read-pkg@1.1.0 checking installable status
735 http fetch GET 200 https://registry.npmjs.org/path-exists 37ms
736 http fetch GET 200 https://registry.npmjs.org/pinkie-promise 45ms
737 silly pacote range manifest for path-exists@^2.0.0 fetched in 47ms
738 silly resolveWithNewModule path-exists@2.1.0 checking installable status
739 silly pacote range manifest for pinkie-promise@^2.0.0 fetched in 53ms
740 silly resolveWithNewModule pinkie-promise@2.0.1 checking installable status
741 http fetch GET 200 https://registry.npmjs.org/pinkie 43ms
742 silly pacote range manifest for pinkie@^2.0.0 fetched in 47ms
743 silly resolveWithNewModule pinkie@2.0.4 checking installable status
744 http fetch GET 200 https://registry.npmjs.org/load-json-file 50ms
745 http fetch GET 200 https://registry.npmjs.org/normalize-package-data 58ms
746 http fetch GET 200 https://registry.npmjs.org/path-type 65ms
747 silly pacote range manifest for normalize-package-data@^2.3.2 fetched in 68ms
748 silly resolveWithNewModule normalize-package-data@2.5.0 checking installable status
749 http fetch GET 200 https://registry.npmjs.org/load-json-file/-/load-json-file-1.1.0.tgz 43ms
750 silly pacote range manifest for load-json-file@^1.0.0 fetched in 101ms
751 silly resolveWithNewModule load-json-file@1.1.0 checking installable status
752 http fetch GET 200 https://registry.npmjs.org/path-type/-/path-type-1.1.0.tgz 47ms
753 silly pacote range manifest for path-type@^1.0.0 fetched in 116ms
754 silly resolveWithNewModule path-type@1.1.0 checking installable status
755 http fetch GET 200 https://registry.npmjs.org/parse-json 45ms
756 http fetch GET 200 https://registry.npmjs.org/strip-bom 47ms
757 http fetch GET 200 https://registry.npmjs.org/pify 51ms
758 silly pacote range manifest for parse-json@^2.2.0 fetched in 57ms
759 silly resolveWithNewModule parse-json@2.2.0 checking installable status
760 silly pacote range manifest for strip-bom@^2.0.0 fetched in 58ms
761 silly resolveWithNewModule strip-bom@2.0.0 checking installable status
762 http fetch GET 200 https://registry.npmjs.org/pify/-/pify-2.3.0.tgz 38ms
763 silly pacote range manifest for pify@^2.0.0 fetched in 94ms
764 silly resolveWithNewModule pify@2.3.0 checking installable status
765 http fetch GET 200 https://registry.npmjs.org/error-ex 40ms
766 http fetch GET 200 https://registry.npmjs.org/error-ex/-/error-ex-1.3.2.tgz 41ms
767 silly pacote range manifest for error-ex@^1.2.0 fetched in 86ms
768 silly resolveWithNewModule error-ex@1.3.2 checking installable status
769 http fetch GET 200 https://registry.npmjs.org/is-arrayish 59ms
770 silly pacote range manifest for is-arrayish@^0.2.1 fetched in 63ms
771 silly resolveWithNewModule is-arrayish@0.2.1 checking installable status
772 http fetch GET 200 https://registry.npmjs.org/is-utf8 44ms
773 silly pacote range manifest for is-utf8@^0.2.0 fetched in 48ms
774 silly resolveWithNewModule is-utf8@0.2.1 checking installable status
775 http fetch GET 200 https://registry.npmjs.org/hosted-git-info 46ms
776 silly pacote range manifest for hosted-git-info@^2.1.4 fetched in 69ms
777 silly resolveWithNewModule hosted-git-info@2.7.1 checking installable status
778 http fetch GET 200 https://registry.npmjs.org/semver 72ms
779 http fetch GET 200 https://registry.npmjs.org/validate-npm-package-license 75ms
780 silly pacote range manifest for semver@2 || 3 || 4 || 5 fetched in 79ms
781 silly resolveWithNewModule semver@5.6.0 checking installable status
782 silly pacote range manifest for validate-npm-package-license@^3.0.1 fetched in 80ms
783 silly resolveWithNewModule validate-npm-package-license@3.0.4 checking installable status
784 http fetch GET 200 https://registry.npmjs.org/spdx-correct 39ms
785 silly pacote range manifest for spdx-correct@^3.0.0 fetched in 43ms
786 silly resolveWithNewModule spdx-correct@3.1.0 checking installable status
787 http fetch GET 200 https://registry.npmjs.org/spdx-expression-parse 197ms
788 silly pacote range manifest for spdx-expression-parse@^3.0.0 fetched in 202ms
789 silly resolveWithNewModule spdx-expression-parse@3.0.0 checking installable status
790 http fetch GET 200 https://registry.npmjs.org/spdx-license-ids 52ms
791 silly pacote range manifest for spdx-license-ids@^3.0.0 fetched in 56ms
792 silly resolveWithNewModule spdx-license-ids@3.0.3 checking installable status
793 http fetch GET 200 https://registry.npmjs.org/spdx-exceptions 39ms
794 silly pacote range manifest for spdx-exceptions@^2.1.0 fetched in 44ms
795 silly resolveWithNewModule spdx-exceptions@2.2.0 checking installable status
796 http fetch GET 200 https://registry.npmjs.org/bach 48ms
797 http fetch GET 200 https://registry.npmjs.org/undertaker-registry 65ms
798 http fetch GET 200 https://registry.npmjs.org/collection-map 67ms
799 silly pacote range manifest for bach@^1.0.0 fetched in 70ms
800 silly resolveWithNewModule bach@1.2.0 checking installable status
801 http fetch GET 200 https://registry.npmjs.org/es6-weak-map 72ms
802 http fetch GET 200 https://registry.npmjs.org/arr-map 74ms
803 http fetch GET 200 https://registry.npmjs.org/last-run 76ms
804 silly pacote range manifest for collection-map@^1.0.0 fetched in 78ms
805 silly resolveWithNewModule collection-map@1.0.0 checking installable status
806 silly pacote range manifest for undertaker-registry@^1.0.0 fetched in 78ms
807 silly resolveWithNewModule undertaker-registry@1.0.1 checking installable status
808 silly pacote range manifest for es6-weak-map@^2.0.1 fetched in 83ms
809 silly resolveWithNewModule es6-weak-map@2.0.2 checking installable status
810 silly pacote range manifest for arr-map@^2.0.0 fetched in 85ms
811 silly resolveWithNewModule arr-map@2.0.2 checking installable status
812 silly pacote range manifest for last-run@^1.1.0 fetched in 86ms
813 silly resolveWithNewModule last-run@1.1.1 checking installable status
814 http fetch GET 200 https://registry.npmjs.org/object.reduce 87ms
815 silly pacote range manifest for object.reduce@^1.0.0 fetched in 91ms
816 silly resolveWithNewModule object.reduce@1.0.1 checking installable status
817 http fetch GET 200 https://registry.npmjs.org/async-settle 73ms
818 http fetch GET 200 https://registry.npmjs.org/array-initial 76ms
819 http fetch GET 200 https://registry.npmjs.org/array-last 77ms
820 http fetch GET 200 https://registry.npmjs.org/now-and-later 79ms
821 http fetch GET 200 https://registry.npmjs.org/arr-filter 82ms
822 silly pacote range manifest for async-settle@^1.0.0 fetched in 86ms
823 silly resolveWithNewModule async-settle@1.0.0 checking installable status
824 silly pacote range manifest for array-initial@^1.0.0 fetched in 90ms
825 silly resolveWithNewModule array-initial@1.1.0 checking installable status
826 silly pacote range manifest for array-last@^1.1.1 fetched in 90ms
827 silly resolveWithNewModule array-last@1.3.0 checking installable status
828 silly pacote range manifest for now-and-later@^2.0.0 fetched in 91ms
829 silly resolveWithNewModule now-and-later@2.0.0 checking installable status
830 silly pacote range manifest for arr-filter@^1.1.1 fetched in 93ms
831 silly resolveWithNewModule arr-filter@1.1.2 checking installable status
832 silly pacote range manifest for is-number@^4.0.0 fetched in 4ms
833 silly resolveWithNewModule is-number@4.0.0 checking installable status
834 silly pacote range manifest for is-number@^4.0.0 fetched in 1ms
835 silly resolveWithNewModule is-number@4.0.0 checking installable status
836 http fetch GET 200 https://registry.npmjs.org/default-resolution 55ms
837 silly pacote range manifest for default-resolution@^2.0.0 fetched in 59ms
838 silly resolveWithNewModule default-resolution@2.0.0 checking installable status
839 http fetch GET 200 https://registry.npmjs.org/fs-mkdirp-stream 69ms
840 http fetch GET 200 https://registry.npmjs.org/object.assign 90ms
841 http fetch GET 200 https://registry.npmjs.org/remove-bom-stream 90ms
842 http fetch GET 200 https://registry.npmjs.org/is-valid-glob 93ms
843 http fetch GET 200 https://registry.npmjs.org/pumpify 111ms
844 http fetch GET 200 https://registry.npmjs.org/lead 112ms
845 http fetch GET 200 https://registry.npmjs.org/resolve-options 110ms
846 http fetch GET 200 https://registry.npmjs.org/lazystream 113ms
847 http fetch GET 200 https://registry.npmjs.org/glob-stream 121ms
848 http fetch GET 200 https://registry.npmjs.org/remove-bom-buffer 125ms
849 silly pacote range manifest for fs-mkdirp-stream@^1.0.0 fetched in 131ms
850 silly resolveWithNewModule fs-mkdirp-stream@1.0.0 checking installable status
851 silly pacote range manifest for object.assign@^4.0.4 fetched in 155ms
852 silly resolveWithNewModule object.assign@4.1.0 checking installable status
853 silly pacote range manifest for remove-bom-stream@^1.2.0 fetched in 159ms
854 silly resolveWithNewModule remove-bom-stream@1.2.0 checking installable status
855 silly pacote range manifest for is-valid-glob@^1.0.0 fetched in 161ms
856 silly resolveWithNewModule is-valid-glob@1.0.0 checking installable status
857 silly pacote range manifest for resolve-options@^1.1.0 fetched in 172ms
858 silly resolveWithNewModule resolve-options@1.1.0 checking installable status
859 silly pacote range manifest for lead@^1.0.0 fetched in 175ms
860 silly resolveWithNewModule lead@1.0.0 checking installable status
861 silly pacote range manifest for lazystream@^1.0.0 fetched in 183ms
862 silly resolveWithNewModule lazystream@1.0.0 checking installable status
863 silly pacote range manifest for remove-bom-buffer@^3.0.0 fetched in 185ms
864 silly resolveWithNewModule remove-bom-buffer@3.0.0 checking installable status
865 silly pacote range manifest for glob-stream@^6.1.0 fetched in 187ms
866 silly resolveWithNewModule glob-stream@6.1.0 checking installable status
867 http fetch GET 200 https://registry.npmjs.org/through2 55ms
868 http fetch GET 200 https://registry.npmjs.org/pumpify/-/pumpify-1.5.1.tgz 73ms
869 silly pacote range manifest for through2@^2.0.0 fetched in 68ms
870 silly resolveWithNewModule through2@2.0.5 checking installable status
871 silly pacote range manifest for pumpify@^1.3.5 fetched in 206ms
872 silly resolveWithNewModule pumpify@1.5.1 checking installable status
873 http fetch GET 200 https://registry.npmjs.org/to-through 48ms
874 silly pacote range manifest for to-through@^2.0.0 fetched in 52ms
875 silly resolveWithNewModule to-through@2.0.0 checking installable status
876 http fetch GET 200 https://registry.npmjs.org/value-or-function 62ms
877 silly pacote range manifest for value-or-function@^3.0.0 fetched in 73ms
878 silly resolveWithNewModule value-or-function@3.0.0 checking installable status
879 http fetch GET 200 https://registry.npmjs.org/vinyl 75ms
880 http fetch GET 200 https://registry.npmjs.org/vinyl-sourcemap 61ms
881 silly pacote range manifest for vinyl@^2.0.0 fetched in 83ms
882 silly resolveWithNewModule vinyl@2.2.0 checking installable status
883 silly pacote range manifest for vinyl-sourcemap@^1.1.0 fetched in 78ms
884 silly resolveWithNewModule vinyl-sourcemap@1.1.0 checking installable status
885 http fetch GET 200 https://registry.npmjs.org/xtend 69ms
886 silly pacote range manifest for xtend@~4.0.1 fetched in 80ms
887 silly resolveWithNewModule xtend@4.0.1 checking installable status
888 http fetch GET 200 https://registry.npmjs.org/to-absolute-glob 51ms
889 http fetch GET 200 https://registry.npmjs.org/unique-stream 57ms
890 http fetch GET 200 https://registry.npmjs.org/ordered-read-streams 59ms
891 silly pacote range manifest for to-absolute-glob@^2.0.0 fetched in 62ms
892 silly resolveWithNewModule to-absolute-glob@2.0.2 checking installable status
893 http fetch GET 200 https://registry.npmjs.org/glob 64ms
894 silly pacote range manifest for unique-stream@^2.0.2 fetched in 74ms
895 silly resolveWithNewModule unique-stream@2.3.1 checking installable status
896 silly pacote range manifest for ordered-read-streams@^1.0.0 fetched in 76ms
897 silly resolveWithNewModule ordered-read-streams@1.0.1 checking installable status
898 silly pacote range manifest for glob@^7.1.1 fetched in 78ms
899 silly resolveWithNewModule glob@7.1.3 checking installable status
900 http fetch GET 200 https://registry.npmjs.org/fs.realpath 43ms
901 silly pacote range manifest for fs.realpath@^1.0.0 fetched in 47ms
902 silly resolveWithNewModule fs.realpath@1.0.0 checking installable status
903 http fetch GET 200 https://registry.npmjs.org/inflight 53ms
904 http fetch GET 200 https://registry.npmjs.org/minimatch 54ms
905 silly pacote range manifest for inflight@^1.0.4 fetched in 61ms
906 silly resolveWithNewModule inflight@1.0.6 checking installable status
907 silly pacote range manifest for minimatch@^3.0.4 fetched in 62ms
908 silly resolveWithNewModule minimatch@3.0.4 checking installable status
909 http fetch GET 200 https://registry.npmjs.org/brace-expansion 49ms
910 silly pacote range manifest for brace-expansion@^1.1.7 fetched in 63ms
911 silly resolveWithNewModule brace-expansion@1.1.11 checking installable status
912 http fetch GET 200 https://registry.npmjs.org/concat-map 44ms
913 http fetch GET 200 https://registry.npmjs.org/balanced-match 45ms
914 silly pacote version manifest for concat-map@0.0.1 fetched in 49ms
915 silly resolveWithNewModule concat-map@0.0.1 checking installable status
916 silly pacote range manifest for balanced-match@^1.0.0 fetched in 50ms
917 silly resolveWithNewModule balanced-match@1.0.0 checking installable status
918 http fetch GET 200 https://registry.npmjs.org/pump 47ms
919 http fetch GET 200 https://registry.npmjs.org/duplexify 97ms
920 silly pacote range manifest for duplexify@^3.6.0 fetched in 103ms
921 silly resolveWithNewModule duplexify@3.7.1 checking installable status
922 http fetch GET 200 https://registry.npmjs.org/pump/-/pump-2.0.1.tgz 55ms
923 silly pacote range manifest for pump@^2.0.0 fetched in 106ms
924 silly resolveWithNewModule pump@2.0.1 checking installable status
925 http fetch GET 200 https://registry.npmjs.org/stream-shift 135ms
926 silly pacote range manifest for stream-shift@^1.0.0 fetched in 140ms
927 silly resolveWithNewModule stream-shift@1.0.0 checking installable status
928 http fetch GET 200 https://registry.npmjs.org/json-stable-stringify-without-jsonify 34ms
929 silly pacote range manifest for json-stable-stringify-without-jsonify@^1.0.1 fetched in 42ms
930 silly resolveWithNewModule json-stable-stringify-without-jsonify@1.0.1 checking installable status
931 http fetch GET 200 https://registry.npmjs.org/through2-filter 46ms
932 silly pacote range manifest for through2-filter@^3.0.0 fetched in 50ms
933 silly resolveWithNewModule through2-filter@3.0.0 checking installable status
934 http fetch GET 200 https://registry.npmjs.org/flush-write-stream 36ms
935 silly pacote range manifest for flush-write-stream@^1.0.2 fetched in 41ms
936 silly resolveWithNewModule flush-write-stream@1.1.1 checking installable status
937 http fetch GET 200 https://registry.npmjs.org/function-bind 53ms
938 http fetch GET 200 https://registry.npmjs.org/define-properties 58ms
939 http fetch GET 200 https://registry.npmjs.org/has-symbols 58ms
940 http fetch GET 200 https://registry.npmjs.org/object-keys 59ms
941 silly pacote range manifest for function-bind@^1.1.1 fetched in 65ms
942 silly resolveWithNewModule function-bind@1.1.1 checking installable status
943 silly pacote range manifest for define-properties@^1.1.2 fetched in 68ms
944 silly resolveWithNewModule define-properties@1.1.3 checking installable status
945 silly pacote range manifest for has-symbols@^1.0.0 fetched in 71ms
946 silly resolveWithNewModule has-symbols@1.0.0 checking installable status
947 silly pacote range manifest for object-keys@^1.0.11 fetched in 71ms
948 silly resolveWithNewModule object-keys@1.1.0 checking installable status
949 http fetch GET 200 https://registry.npmjs.org/cloneable-readable 45ms
950 http fetch GET 200 https://registry.npmjs.org/replace-ext 45ms
951 http fetch GET 200 https://registry.npmjs.org/clone-stats 50ms
952 silly pacote range manifest for cloneable-readable@^1.0.0 fetched in 57ms
953 silly resolveWithNewModule cloneable-readable@1.1.2 checking installable status
954 silly pacote range manifest for replace-ext@^1.0.0 fetched in 59ms
955 silly resolveWithNewModule replace-ext@1.0.0 checking installable status
956 silly pacote range manifest for clone-stats@^1.0.0 fetched in 64ms
957 silly resolveWithNewModule clone-stats@1.0.0 checking installable status
958 http fetch GET 200 https://registry.npmjs.org/clone-buffer 66ms
959 http fetch GET 200 https://registry.npmjs.org/clone 68ms
960 silly pacote range manifest for clone-buffer@^1.0.0 fetched in 72ms
961 silly resolveWithNewModule clone-buffer@1.0.0 checking installable status
962 silly pacote range manifest for clone@^2.1.1 fetched in 74ms
963 silly resolveWithNewModule clone@2.1.2 checking installable status
964 silly pacote range manifest for process-nextick-args@^2.0.0 fetched in 1ms
965 silly resolveWithNewModule process-nextick-args@2.0.0 checking installable status
966 http fetch GET 200 https://registry.npmjs.org/append-buffer 42ms
967 silly pacote range manifest for append-buffer@^1.0.2 fetched in 47ms
968 silly resolveWithNewModule append-buffer@1.0.2 checking installable status
969 http fetch GET 200 https://registry.npmjs.org/convert-source-map 52ms
970 silly pacote range manifest for convert-source-map@^1.5.0 fetched in 57ms
971 silly resolveWithNewModule convert-source-map@1.6.0 checking installable status
972 http fetch GET 200 https://registry.npmjs.org/buffer-equal 64ms
973 silly pacote range manifest for buffer-equal@^1.0.0 fetched in 69ms
974 silly resolveWithNewModule buffer-equal@1.0.0 checking installable status
975 timing stage:loadIdealTree:loadAllDepsIntoIdealTree Completed in 12122ms
976 timing stage:loadIdealTree Completed in 12411ms
977 silly currentTree lib
978 silly idealTree lib
978 silly idealTree  gulp@4.0.0
978 silly idealTree    ansi-colors@1.1.0
978 silly idealTree    ansi-gray@0.1.1
978 silly idealTree    ansi-regex@2.1.1
978 silly idealTree    ansi-wrap@0.1.0
978 silly idealTree    anymatch@2.0.0
978 silly idealTree    append-buffer@1.0.2
978 silly idealTree    archy@1.0.0
978 silly idealTree    arr-diff@4.0.0
978 silly idealTree    arr-filter@1.1.2
978 silly idealTree    arr-flatten@1.1.0
978 silly idealTree    arr-map@2.0.2
978 silly idealTree    arr-union@3.1.0
978 silly idealTree    array-each@1.0.1
978 silly idealTree    array-initial@1.1.0
978 silly idealTree     is-number@4.0.0
978 silly idealTree    array-last@1.3.0
978 silly idealTree     is-number@4.0.0
978 silly idealTree    array-slice@1.1.0
978 silly idealTree    array-sort@1.0.0
978 silly idealTree     kind-of@5.1.0
978 silly idealTree    array-unique@0.3.2
978 silly idealTree    assign-symbols@1.0.0
978 silly idealTree    async-done@1.3.1
978 silly idealTree    async-each@1.0.2
978 silly idealTree    async-settle@1.0.0
978 silly idealTree    atob@2.1.2
978 silly idealTree    bach@1.2.0
978 silly idealTree    balanced-match@1.0.0
978 silly idealTree    base@0.11.2
978 silly idealTree     define-property@1.0.0
978 silly idealTree     is-accessor-descriptor@1.0.0
978 silly idealTree     is-data-descriptor@1.0.0
978 silly idealTree     is-descriptor@1.0.2
978 silly idealTree    binary-extensions@1.13.0
978 silly idealTree    brace-expansion@1.1.11
978 silly idealTree    braces@2.3.2
978 silly idealTree     extend-shallow@2.0.1
978 silly idealTree    buffer-equal@1.0.0
978 silly idealTree    buffer-from@1.1.1
978 silly idealTree    cache-base@1.0.1
978 silly idealTree    camelcase@3.0.0
978 silly idealTree    chokidar@2.1.2
978 silly idealTree     normalize-path@3.0.0
978 silly idealTree    class-utils@0.3.6
978 silly idealTree     define-property@0.2.5
978 silly idealTree    cliui@3.2.0
978 silly idealTree    clone-buffer@1.0.0
978 silly idealTree    clone-stats@1.0.0
978 silly idealTree    clone@2.1.2
978 silly idealTree    cloneable-readable@1.1.2
978 silly idealTree     process-nextick-args@2.0.0
978 silly idealTree    code-point-at@1.1.0
978 silly idealTree    collection-map@1.0.0
978 silly idealTree    collection-visit@1.0.0
978 silly idealTree    color-support@1.1.3
978 silly idealTree    component-emitter@1.2.1
978 silly idealTree    concat-map@0.0.1
978 silly idealTree    concat-stream@1.6.2
978 silly idealTree    convert-source-map@1.6.0
978 silly idealTree    copy-descriptor@0.1.1
978 silly idealTree    copy-props@2.0.4
978 silly idealTree    core-util-is@1.0.2
978 silly idealTree    d@1.0.0
978 silly idealTree    debug@2.6.9
978 silly idealTree    decamelize@1.2.0
978 silly idealTree    decode-uri-component@0.2.0
978 silly idealTree    default-compare@1.0.0
978 silly idealTree     kind-of@5.1.0
978 silly idealTree    default-resolution@2.0.0
978 silly idealTree    define-properties@1.1.3
978 silly idealTree    define-property@2.0.2
978 silly idealTree     is-accessor-descriptor@1.0.0
978 silly idealTree     is-data-descriptor@1.0.0
978 silly idealTree     is-descriptor@1.0.2
978 silly idealTree    detect-file@1.0.0
978 silly idealTree    duplexify@3.7.1
978 silly idealTree    each-props@1.3.2
978 silly idealTree    end-of-stream@1.4.1
978 silly idealTree    error-ex@1.3.2
978 silly idealTree    es5-ext@0.10.49
978 silly idealTree    es6-iterator@2.0.3
978 silly idealTree    es6-symbol@3.1.1
978 silly idealTree    es6-weak-map@2.0.2
978 silly idealTree    expand-brackets@2.1.4
978 silly idealTree     define-property@0.2.5
978 silly idealTree     extend-shallow@2.0.1
978 silly idealTree    expand-tilde@2.0.2
978 silly idealTree    extend-shallow@3.0.2
978 silly idealTree     is-extendable@1.0.1
978 silly idealTree    extend@3.0.2
978 silly idealTree    extglob@2.0.4
978 silly idealTree     define-property@1.0.0
978 silly idealTree     extend-shallow@2.0.1
978 silly idealTree     is-accessor-descriptor@1.0.0
978 silly idealTree     is-data-descriptor@1.0.0
978 silly idealTree     is-descriptor@1.0.2
978 silly idealTree    fancy-log@1.3.3
978 silly idealTree    fill-range@4.0.0
978 silly idealTree     extend-shallow@2.0.1
978 silly idealTree    find-up@1.1.2
978 silly idealTree    findup-sync@2.0.0
978 silly idealTree     is-glob@3.1.0
978 silly idealTree    fined@1.1.1
978 silly idealTree    flagged-respawn@1.0.1
978 silly idealTree    flush-write-stream@1.1.1
978 silly idealTree    for-in@1.0.2
978 silly idealTree    for-own@1.0.0
978 silly idealTree    fragment-cache@0.2.1
978 silly idealTree    fs-mkdirp-stream@1.0.0
978 silly idealTree    fs.realpath@1.0.0
978 silly idealTree    fsevents@1.2.7
978 silly idealTree     abbrev@1.1.1
978 silly idealTree     ansi-regex@2.1.1
978 silly idealTree     aproba@1.2.0
978 silly idealTree     are-we-there-yet@1.1.5
978 silly idealTree     balanced-match@1.0.0
978 silly idealTree     brace-expansion@1.1.11
978 silly idealTree     chownr@1.1.1
978 silly idealTree     code-point-at@1.1.0
978 silly idealTree     concat-map@0.0.1
978 silly idealTree     console-control-strings@1.1.0
978 silly idealTree     core-util-is@1.0.2
978 silly idealTree     debug@2.6.9
978 silly idealTree     deep-extend@0.6.0
978 silly idealTree     delegates@1.0.0
978 silly idealTree     detect-libc@1.0.3
978 silly idealTree     fs-minipass@1.2.5
978 silly idealTree     fs.realpath@1.0.0
978 silly idealTree     gauge@2.7.4
978 silly idealTree     glob@7.1.3
978 silly idealTree     has-unicode@2.0.1
978 silly idealTree     iconv-lite@0.4.24
978 silly idealTree     ignore-walk@3.0.1
978 silly idealTree     inflight@1.0.6
978 silly idealTree     inherits@2.0.3
978 silly idealTree     ini@1.3.5
978 silly idealTree     is-fullwidth-code-point@1.0.0
978 silly idealTree     isarray@1.0.0
978 silly idealTree     minimatch@3.0.4
978 silly idealTree     minimist@0.0.8
978 silly idealTree     minipass@2.3.5
978 silly idealTree     minizlib@1.2.1
978 silly idealTree     mkdirp@0.5.1
978 silly idealTree     ms@2.0.0
978 silly idealTree     needle@2.2.4
978 silly idealTree     node-pre-gyp@0.10.3
978 silly idealTree     nopt@4.0.1
978 silly idealTree     npm-bundled@1.0.5
978 silly idealTree     npm-packlist@1.2.0
978 silly idealTree     npmlog@4.1.2
978 silly idealTree     number-is-nan@1.0.1
978 silly idealTree     object-assign@4.1.1
978 silly idealTree     once@1.4.0
978 silly idealTree     os-homedir@1.0.2
978 silly idealTree     os-tmpdir@1.0.2
978 silly idealTree     osenv@0.1.5
978 silly idealTree     path-is-absolute@1.0.1
978 silly idealTree     process-nextick-args@2.0.0
978 silly idealTree     rc@1.2.8
978 silly idealTree      minimist@1.2.0
978 silly idealTree     readable-stream@2.3.6
978 silly idealTree     rimraf@2.6.3
978 silly idealTree     safe-buffer@5.1.2
978 silly idealTree     safer-buffer@2.1.2
978 silly idealTree     sax@1.2.4
978 silly idealTree     semver@5.6.0
978 silly idealTree     set-blocking@2.0.0
978 silly idealTree     signal-exit@3.0.2
978 silly idealTree     string_decoder@1.1.1
978 silly idealTree     string-width@1.0.2
978 silly idealTree     strip-ansi@3.0.1
978 silly idealTree     strip-json-comments@2.0.1
978 silly idealTree     tar@4.4.8
978 silly idealTree     util-deprecate@1.0.2
978 silly idealTree     wide-align@1.1.3
978 silly idealTree     wrappy@1.0.2
978 silly idealTree     yallist@3.0.3
978 silly idealTree    function-bind@1.1.1
978 silly idealTree    get-caller-file@1.0.3
978 silly idealTree    get-value@2.0.6
978 silly idealTree    glob-parent@3.1.0
978 silly idealTree     is-glob@3.1.0
978 silly idealTree    glob-stream@6.1.0
978 silly idealTree    glob-watcher@5.0.3
978 silly idealTree    glob@7.1.3
978 silly idealTree    global-modules@1.0.0
978 silly idealTree    global-prefix@1.0.2
978 silly idealTree    glogg@1.0.2
978 silly idealTree    graceful-fs@4.1.15
978 silly idealTree    gulp-cli@2.0.1
978 silly idealTree    gulplog@1.0.0
978 silly idealTree    has-symbols@1.0.0
978 silly idealTree    has-value@1.0.0
978 silly idealTree    has-values@1.0.0
978 silly idealTree     kind-of@4.0.0
978 silly idealTree    homedir-polyfill@1.0.3
978 silly idealTree    hosted-git-info@2.7.1
978 silly idealTree    inflight@1.0.6
978 silly idealTree    inherits@2.0.3
978 silly idealTree    ini@1.3.5
978 silly idealTree    interpret@1.2.0
978 silly idealTree    invert-kv@1.0.0
978 silly idealTree    is-absolute@1.0.0
978 silly idealTree    is-accessor-descriptor@0.1.6
978 silly idealTree     kind-of@3.2.2
978 silly idealTree    is-arrayish@0.2.1
978 silly idealTree    is-binary-path@1.0.1
978 silly idealTree    is-buffer@1.1.6
978 silly idealTree    is-data-descriptor@0.1.4
978 silly idealTree     kind-of@3.2.2
978 silly idealTree    is-descriptor@0.1.6
978 silly idealTree     kind-of@5.1.0
978 silly idealTree    is-extendable@0.1.1
978 silly idealTree    is-extglob@2.1.1
978 silly idealTree    is-fullwidth-code-point@1.0.0
978 silly idealTree    is-glob@4.0.0
978 silly idealTree    is-negated-glob@1.0.0
978 silly idealTree    is-number@3.0.0
978 silly idealTree     kind-of@3.2.2
978 silly idealTree    is-plain-object@2.0.4
978 silly idealTree    is-relative@1.0.0
978 silly idealTree    is-unc-path@1.0.0
978 silly idealTree    is-utf8@0.2.1
978 silly idealTree    is-valid-glob@1.0.0
978 silly idealTree    is-windows@1.0.2
978 silly idealTree    isarray@1.0.0
978 silly idealTree    isexe@2.0.0
978 silly idealTree    isobject@3.0.1
978 silly idealTree    json-stable-stringify-without-jsonify@1.0.1
978 silly idealTree    just-debounce@1.0.0
978 silly idealTree    kind-of@6.0.2
978 silly idealTree    last-run@1.1.1
978 silly idealTree    lazystream@1.0.0
978 silly idealTree    lcid@1.0.0
978 silly idealTree    lead@1.0.0
978 silly idealTree    liftoff@2.5.0
978 silly idealTree    load-json-file@1.1.0
978 silly idealTree    make-iterator@1.0.1
978 silly idealTree    map-cache@0.2.2
978 silly idealTree    map-visit@1.0.0
978 silly idealTree    matchdep@2.0.0
978 silly idealTree    micromatch@3.1.10
978 silly idealTree    minimatch@3.0.4
978 silly idealTree    mixin-deep@1.3.1
978 silly idealTree     is-extendable@1.0.1
978 silly idealTree    ms@2.0.0
978 silly idealTree    mute-stdout@1.0.1
978 silly idealTree    nan@2.13.1
978 silly idealTree    nanomatch@1.2.13
978 silly idealTree    next-tick@1.0.0
978 silly idealTree    normalize-package-data@2.5.0
978 silly idealTree    normalize-path@2.1.1
978 silly idealTree    now-and-later@2.0.0
978 silly idealTree    number-is-nan@1.0.1
978 silly idealTree    object-copy@0.1.0
978 silly idealTree     define-property@0.2.5
978 silly idealTree     kind-of@3.2.2
978 silly idealTree    object-keys@1.1.0
978 silly idealTree    object-visit@1.0.1
978 silly idealTree    object.assign@4.1.0
978 silly idealTree    object.defaults@1.1.0
978 silly idealTree    object.map@1.0.1
978 silly idealTree    object.pick@1.3.0
978 silly idealTree    object.reduce@1.0.1
978 silly idealTree    once@1.4.0
978 silly idealTree    ordered-read-streams@1.0.1
978 silly idealTree    os-locale@1.4.0
978 silly idealTree    parse-filepath@1.0.2
978 silly idealTree    parse-json@2.2.0
978 silly idealTree    parse-node-version@1.0.1
978 silly idealTree    parse-passwd@1.0.0
978 silly idealTree    pascalcase@0.1.1
978 silly idealTree    path-dirname@1.0.2
978 silly idealTree    path-exists@2.1.0
978 silly idealTree    path-is-absolute@1.0.1
978 silly idealTree    path-parse@1.0.6
978 silly idealTree    path-root-regex@0.1.2
978 silly idealTree    path-root@0.1.1
978 silly idealTree    path-type@1.1.0
978 silly idealTree    pify@2.3.0
978 silly idealTree    pinkie-promise@2.0.1
978 silly idealTree    pinkie@2.0.4
978 silly idealTree    posix-character-classes@0.1.1
978 silly idealTree    pretty-hrtime@1.0.3
978 silly idealTree    process-nextick-args@1.0.7
978 silly idealTree    pump@2.0.1
978 silly idealTree    pumpify@1.5.1
978 silly idealTree    read-pkg-up@1.0.1
978 silly idealTree    read-pkg@1.1.0
978 silly idealTree    readable-stream@2.3.6
978 silly idealTree     process-nextick-args@2.0.0
978 silly idealTree    readdirp@2.2.1
978 silly idealTree    rechoir@0.6.2
978 silly idealTree    regex-not@1.0.2
978 silly idealTree    remove-bom-buffer@3.0.0
978 silly idealTree    remove-bom-stream@1.2.0
978 silly idealTree    remove-trailing-separator@1.1.0
978 silly idealTree    repeat-element@1.1.3
978 silly idealTree    repeat-string@1.6.1
978 silly idealTree    replace-ext@1.0.0
978 silly idealTree    replace-homedir@1.0.0
978 silly idealTree    require-directory@2.1.1
978 silly idealTree    require-main-filename@1.0.1
978 silly idealTree    resolve-dir@1.0.1
978 silly idealTree    resolve-options@1.1.0
978 silly idealTree    resolve-url@0.2.1
978 silly idealTree    resolve@1.10.0
978 silly idealTree    ret@0.1.15
978 silly idealTree    safe-buffer@5.1.2
978 silly idealTree    safe-regex@1.1.0
978 silly idealTree    semver-greatest-satisfied-range@1.1.0
978 silly idealTree    semver@5.6.0
978 silly idealTree    set-blocking@2.0.0
978 silly idealTree    set-value@2.0.0
978 silly idealTree     extend-shallow@2.0.1
978 silly idealTree    snapdragon-node@2.1.1
978 silly idealTree     define-property@1.0.0
978 silly idealTree     is-accessor-descriptor@1.0.0
978 silly idealTree     is-data-descriptor@1.0.0
978 silly idealTree     is-descriptor@1.0.2
978 silly idealTree    snapdragon-util@3.0.1
978 silly idealTree     kind-of@3.2.2
978 silly idealTree    snapdragon@0.8.2
978 silly idealTree     define-property@0.2.5
978 silly idealTree     extend-shallow@2.0.1
978 silly idealTree    source-map-resolve@0.5.2
978 silly idealTree    source-map-url@0.4.0
978 silly idealTree    source-map@0.5.7
978 silly idealTree    sparkles@1.0.1
978 silly idealTree    spdx-correct@3.1.0
978 silly idealTree    spdx-exceptions@2.2.0
978 silly idealTree    spdx-expression-parse@3.0.0
978 silly idealTree    spdx-license-ids@3.0.3
978 silly idealTree    split-string@3.1.0
978 silly idealTree    stack-trace@0.0.10
978 silly idealTree    static-extend@0.1.2
978 silly idealTree     define-property@0.2.5
978 silly idealTree    stream-exhaust@1.0.2
978 silly idealTree    stream-shift@1.0.0
978 silly idealTree    string_decoder@1.1.1
978 silly idealTree    string-width@1.0.2
978 silly idealTree    strip-ansi@3.0.1
978 silly idealTree    strip-bom@2.0.0
978 silly idealTree    sver-compat@1.5.0
978 silly idealTree    through2-filter@3.0.0
978 silly idealTree    through2@2.0.5
978 silly idealTree    time-stamp@1.1.0
978 silly idealTree    to-absolute-glob@2.0.2
978 silly idealTree    to-object-path@0.3.0
978 silly idealTree     kind-of@3.2.2
978 silly idealTree    to-regex-range@2.1.1
978 silly idealTree    to-regex@3.0.2
978 silly idealTree    to-through@2.0.0
978 silly idealTree    typedarray@0.0.6
978 silly idealTree    unc-path-regex@0.1.2
978 silly idealTree    undertaker-registry@1.0.1
978 silly idealTree    undertaker@1.2.0
978 silly idealTree    union-value@1.0.0
978 silly idealTree     extend-shallow@2.0.1
978 silly idealTree     set-value@0.4.3
978 silly idealTree    unique-stream@2.3.1
978 silly idealTree    unset-value@1.0.0
978 silly idealTree     has-value@0.3.1
978 silly idealTree      isobject@2.1.0
978 silly idealTree     has-values@0.1.4
978 silly idealTree    upath@1.1.2
978 silly idealTree    urix@0.1.0
978 silly idealTree    use@3.1.1
978 silly idealTree    util-deprecate@1.0.2
978 silly idealTree    v8flags@3.1.2
978 silly idealTree    validate-npm-package-license@3.0.4
978 silly idealTree    value-or-function@3.0.0
978 silly idealTree    vinyl-fs@3.0.3
978 silly idealTree    vinyl-sourcemap@1.1.0
978 silly idealTree    vinyl@2.2.0
978 silly idealTree    which-module@1.0.0
978 silly idealTree    which@1.3.1
978 silly idealTree    wrap-ansi@2.1.0
978 silly idealTree    wrappy@1.0.2
978 silly idealTree    xtend@4.0.1
978 silly idealTree    y18n@3.2.1
978 silly idealTree    yargs-parser@5.0.0
978 silly idealTree    yargs@7.1.0
979 silly install generateActionsToTake
980 warn checkPermissions Missing write access to /usr/local/lib/node_modules
981 timing stage:rollbackFailedOptional Completed in 0ms
982 timing stage:runTopLevelLifecycles Completed in 14613ms
983 verbose stack Error: EACCES: permission denied, access '/usr/local/lib/node_modules'
984 verbose cwd /Users/macbook/development/translate/semantic
985 verbose Darwin 15.6.0
986 verbose argv "/usr/local/bin/node" "/usr/local/bin/npm" "install" "-g" "gulp"
987 verbose node v10.15.3
988 verbose npm  v6.4.1
989 error path /usr/local/lib/node_modules
990 error code EACCES
991 error errno -13
992 error syscall access
993 error Error: EACCES: permission denied, access '/usr/local/lib/node_modules'
993 error  { [Error: EACCES: permission denied, access '/usr/local/lib/node_modules']
993 error   stack:
993 error    'Error: EACCES: permission denied, access \'/usr/local/lib/node_modules\'',
993 error   errno: -13,
993 error   code: 'EACCES',
993 error   syscall: 'access',
993 error   path: '/usr/local/lib/node_modules' }
994 error The operation was rejected by your operating system.
994 error It is likely you do not have the permissions to access this file as the current user
994 error
994 error If you believe this might be a permissions issue, please double-check the
994 error permissions of the file and its containing directories, or try running
994 error the command again as root/Administrator (though this is not recommended).
995 verbose exit [ -13, true ]
